[backblue.gif]
[fade.gif]
[index.html]
[bootstrap-ecommerce.com/assets/images/favicon.ico]
[bootstrap-ecommerce.com/bootstrap-ecommerce-html/css/bootstrap3661.css]
[bootstrap-ecommerce.com/bootstrap-ecommerce-html/css/ui3661.css]
[bootstrap-ecommerce.com/bootstrap-ecommerce-html/css/responsivef195.css]
[bootstrap-ecommerce.com/bootstrap-ecommerce-html/fonts/fontawesome/css/all.min3661.css]
[bootstrap-ecommerce.com/assets/css/stylef195.css]
[bootstrap-ecommerce.com/assets/images/logo.png]
[bootstrap-ecommerce.com/assets/images/apps.png]
[bootstrap-ecommerce.com/assets/images/main.png]
[bootstrap-ecommerce.com/assets/images/misc/files.jpg]
[bootstrap-ecommerce.com/assets/images/misc/code.png]
[bootstrap-ecommerce.com/assets/images/screenshots/starter1.jpg]
[bootstrap-ecommerce.com/assets/images/screenshots/starter3.jpg]
[bootstrap-ecommerce.com/assets/images/screenshots/starter2.jpg]
[bootstrap-ecommerce.com/assets/images/screenshots/starter4.jpg]
[bootstrap-ecommerce.com/assets/images/screenshots/starter5.jpg]
[bootstrap-ecommerce.com/assets/images/screenshots/starter6.jpg]
[bootstrap-ecommerce.com/assets/images/screenshots/starter7.jpg]
[bootstrap-ecommerce.com/assets/images/screenshots/starter8.jpg]
[bootstrap-ecommerce.com/assets/images/screenshots/starter9.jpg]
[bootstrap-ecommerce.com/assets/images/misc/payments.png]
[bootstrap-ecommerce.com/bootstrap-ecommerce-html/js/bootstrap.bundle.min.js]
[bootstrap-ecommerce.com/bootstrap-ecommerce-html/js/script3661.js]
[bootstrap-ecommerce.com/index.html]
[bootstrap-ecommerce.com/bootstrap-ecommerce-html/css/bootstrap3661.css]
[bootstrap-ecommerce.com/bootstrap-ecommerce-html/js/jquery-2.0.0.min.js]
[rsms.me/inter/inter.css]
[bootstrap-ecommerce.com/bootstrap-ecommerce-html/css/ui3661.css]
[bootstrap-ecommerce.com/bootstrap-ecommerce-html/css/responsivef195.css]
[bootstrap-ecommerce.com/bootstrap-ecommerce-html/fonts/fontawesome/webfonts/fa-brands-400.eot]
[bootstrap-ecommerce.com/bootstrap-ecommerce-html/fonts/fontawesome/webfonts/fa-brands-400d41d.eot]
[bootstrap-ecommerce.com/bootstrap-ecommerce-html/fonts/fontawesome/webfonts/fa-brands-400.woff]
[bootstrap-ecommerce.com/bootstrap-ecommerce-html/fonts/fontawesome/webfonts/fa-brands-400.ttf]
[bootstrap-ecommerce.com/bootstrap-ecommerce-html/fonts/fontawesome/webfonts/fa-regular-400.eot]
[bootstrap-ecommerce.com/bootstrap-ecommerce-html/fonts/fontawesome/webfonts/fa-regular-400d41d.eot]
[bootstrap-ecommerce.com/bootstrap-ecommerce-html/fonts/fontawesome/webfonts/fa-regular-400.woff]
[bootstrap-ecommerce.com/bootstrap-ecommerce-html/fonts/fontawesome/webfonts/fa-regular-400.ttf]
[bootstrap-ecommerce.com/bootstrap-ecommerce-html/fonts/fontawesome/webfonts/fa-solid-900.eot]
[bootstrap-ecommerce.com/bootstrap-ecommerce-html/fonts/fontawesome/webfonts/fa-solid-900d41d.eot]
[bootstrap-ecommerce.com/bootstrap-ecommerce-html/fonts/fontawesome/webfonts/fa-solid-900.woff]
[bootstrap-ecommerce.com/bootstrap-ecommerce-html/fonts/fontawesome/webfonts/fa-solid-900.ttf]
[bootstrap-ecommerce.com/bootstrap-ecommerce-html/fonts/fontawesome/css/all.min3661.css]
[bootstrap-ecommerce.com/assets/css/stylef195.css]
[bootstrap-ecommerce.com/index-2.html]
[bootstrap-ecommerce.com/bootstrap-ecommerce-html/css/responsive3661.css]
[bootstrap-ecommerce.com/assets/css/style3661.css]
[bootstrap-ecommerce.com/bootstrap-ecommerce-html/images/avatars/avatar1.jpg]
[bootstrap-ecommerce.com/bootstrap-ecommerce-html/images/avatars/avatar2.jpg]
[bootstrap-ecommerce.com/bootstrap-ecommerce-html/images/avatars/avatar3.jpg]
[bootstrap-ecommerce.com/bootstrap-ecommerce-html/images/items/1.jpg]
[bootstrap-ecommerce.com/bootstrap-ecommerce-html/images/items/2.jpg]
[bootstrap-ecommerce.com/bootstrap-ecommerce-html/images/items/3.jpg]
[bootstrap-ecommerce.com/bootstrap-ecommerce-html/images/items/4.jpg]
[bootstrap-ecommerce.com/bootstrap-ecommerce-html/images/items/5.jpg]
[bootstrap-ecommerce.com/bootstrap-ecommerce-html/images/items/6.jpg]
[bootstrap-ecommerce.com/bootstrap-ecommerce-html/images/items/7.jpg]
[bootstrap-ecommerce.com/bootstrap-ecommerce-html/images/items/9.jpg]
[bootstrap-ecommerce.com/bootstrap-ecommerce-html/images/items/10.jpg]
[bootstrap-ecommerce.com/bootstrap-ecommerce-html/images/items/11.jpg]
[bootstrap-ecommerce.com/bootstrap-ecommerce-html/images/items/8.jpg]
[bootstrap-ecommerce.com/bootstrap-ecommerce-html/images/items/12.jpg]
[bootstrap-ecommerce.com/bootstrap-ecommerce-html/images/items/12-1.jpg]
[bootstrap-ecommerce.com/bootstrap-ecommerce-html/images/items/12-2.jpg]
[bootstrap-ecommerce.com/bootstrap-ecommerce-html/images/misc/payments.png]
[bootstrap-ecommerce.com/bootstrap-ecommerce-html/images/misc/payment-paypal.png]
[bootstrap-ecommerce.com/bootstrap-ecommerce-html/images/misc/btn-paypal.png]
[bootstrap-ecommerce.com/bootstrap-ecommerce-html/images/misc/payment-card.png]
[bootstrap-ecommerce.com/bootstrap-ecommerce-html/images/misc/payment-bank.png]
[bootstrap-ecommerce.com/bootstrap-ecommerce-html/images/banners/banner1.jpg]
[bootstrap-ecommerce.com/bootstrap-ecommerce-html/images/banners/banner2.jpg]
[bootstrap-ecommerce.com/bootstrap-ecommerce-html/images/banners/banner3.jpg]
[bootstrap-ecommerce.com/bootstrap-ecommerce-html/images/banners/banner4.jpg]
[bootstrap-ecommerce.com/bootstrap-ecommerce-html/images/banners/banner5.jpg]
[bootstrap-ecommerce.com/bootstrap-ecommerce-html/images/banners/banner6.jpg]
[bootstrap-ecommerce.com/bootstrap-ecommerce-html/images/banners/banner7.jpg]
[bootstrap-ecommerce.com/bootstrap-ecommerce-html/images/banners/banner8.jpg]
[bootstrap-ecommerce.com/bootstrap-ecommerce-html/images/banners/banner9.jpg]
[bootstrap-ecommerce.com/bootstrap-ecommerce-html/images/posts/2.jpg]
[bootstrap-ecommerce.com/bootstrap-ecommerce-html/images/posts/3.jpg]
[bootstrap-ecommerce.com/bootstrap-ecommerce-html/images/banners/banner-item1.jpg]
[bootstrap-ecommerce.com/bootstrap-ecommerce-html/images/banners/banner-item2.jpg]
[bootstrap-ecommerce.com/bootstrap-ecommerce-html/images/banners/banner-item3.jpg]
[bootstrap-ecommerce.com/bootstrap-ecommerce-html/images/logo.png]
[bootstrap-ecommerce.com/bootstrap-ecommerce-html/images/misc/appstore.png]
[bootstrap-ecommerce.com/bootstrap-ecommerce-html/images/misc/playmarket.png]
[bootstrap-ecommerce.com/page-components.html]
[bootstrap-ecommerce.com/assets/css/stylec619.css]
[bootstrap-ecommerce.com/assets/images/screenshots/mobile.jpg]
[bootstrap-ecommerce.com/assets/images/screenshots/alistyle.jpg]
[bootstrap-ecommerce.com/page-templates.html]
[bootstrap-ecommerce.com/bootstrap-ecommerce-html/fonts/feathericons/css/iconfont3661.css]
[bootstrap-ecommerce.com/bootstrap-ecommerce-html/images/posts/1.jpg]
[bootstrap-ecommerce.com/bootstrap-ecommerce-html/images/banners/slide1.jpg]
[bootstrap-ecommerce.com/bootstrap-ecommerce-html/images/banners/slide2.jpg]
[bootstrap-ecommerce.com/bootstrap-ecommerce-html/images/banners/slide3.jpg]
[bootstrap-ecommerce.com/assets/js/scriptc619.js]
[cdn.jsdelivr.net/npm/clipboard@2/dist/clipboard.min.js]
[bootstrap-ecommerce.com/assets/plugins/prism/prism.css]
[bootstrap-ecommerce.com/assets/plugins/prism/prism.js]
[bootstrap-ecommerce.com/bootstrap-ecommerce-html/plugins/owlcarousel/assets/owl.carousel.css]
[bootstrap-ecommerce.com/bootstrap-ecommerce-html/plugins/owlcarousel/assets/owl.theme.default.css]
[bootstrap-ecommerce.com/bootstrap-ecommerce-html/plugins/owlcarousel/owl.carousel.min.js]
[bootstrap-ecommerce.com/documentation.html]
[bootstrap-ecommerce.com/assets/images/icons/1.svg]
[bootstrap-ecommerce.com/assets/images/icons/2.svg]
[bootstrap-ecommerce.com/assets/images/icons/3.svg]
[bootstrap-ecommerce.com/assets/images/icons/4.svg]
[bootstrap-ecommerce.com/bootstrap-ecommerce-html/images/favicon.ico]
[bootstrap-ecommerce.com/bootstrap-ecommerce-html/css/bootstrap.css]
[bootstrap-ecommerce.com/bootstrap-ecommerce-html/fonts/fontawesome/css/all.min.css]
[bootstrap-ecommerce.com/bootstrap-ecommerce-html/css/ui.css]
[bootstrap-ecommerce.com/bootstrap-ecommerce-html/css/responsive.css]
[bootstrap-ecommerce.com/bootstrap-ecommerce-html/js/script.js]
[bootstrap-ecommerce.com/bootstrap-ecommerce-html/images/banners/1.jpg]
[bootstrap-ecommerce.com/bootstrap-ecommerce-html/images/logos/logo1.png]
[bootstrap-ecommerce.com/bootstrap-ecommerce-html/images/logos/logo2.png]
[bootstrap-ecommerce.com/bootstrap-ecommerce-html/images/logos/logo3.png]
[bootstrap-ecommerce.com/bootstrap-ecommerce-html/images/logos/logo4.png]
[bootstrap-ecommerce.com/bootstrap-ecommerce-html/images/logos/logo5.png]
[bootstrap-ecommerce.com/bootstrap-ecommerce-html/page-index-1.html]
[bootstrap-ecommerce.com/bootstrap-ecommerce-html/images/banners/2.jpg]
[bootstrap-ecommerce.com/bootstrap-ecommerce-html/page-index-2.html]
[bootstrap-ecommerce.com/bootstrap-ecommerce-html/page-index-3.html]
[bootstrap-ecommerce.com/bootstrap-ecommerce-html/plugins/fancybox/fancybox.min.js]
[bootstrap-ecommerce.com/bootstrap-ecommerce-html/plugins/fancybox/fancybox.min.css]
[bootstrap-ecommerce.com/bootstrap-ecommerce-html/page-listing-grid.html]
[bootstrap-ecommerce.com/bootstrap-ecommerce-html/page-listing-large.html]
[bootstrap-ecommerce.com/bootstrap-ecommerce-html/page-shopping-cart.html]
[bootstrap-ecommerce.com/bootstrap-ecommerce-html/page-user-register.html]
[bootstrap-ecommerce.com/bootstrap-ecommerce-html/page-user-login.html]
[bootstrap-ecommerce.com/bootstrap-ecommerce-html/page-blank-starter.html]
[rsms.me/inter/font-files/Inter-Thin57a3.woff2]
[rsms.me/inter/font-files/Inter-Thin57a3.woff]
[rsms.me/inter/font-files/Inter-ThinItalic57a3.woff2]
[rsms.me/inter/font-files/Inter-ThinItalic57a3.woff]
[rsms.me/inter/font-files/Inter-ExtraLight57a3.woff2]
[rsms.me/inter/font-files/Inter-ExtraLight57a3.woff]
[rsms.me/inter/font-files/Inter-ExtraLightItalic57a3.woff2]
[rsms.me/inter/font-files/Inter-ExtraLightItalic57a3.woff]
[rsms.me/inter/font-files/Inter-Light57a3.woff2]
[rsms.me/inter/font-files/Inter-Light57a3.woff]
[rsms.me/inter/font-files/Inter-LightItalic57a3.woff2]
[rsms.me/inter/font-files/Inter-LightItalic57a3.woff]
[rsms.me/inter/font-files/Inter-Regular57a3.woff2]
[rsms.me/inter/font-files/Inter-Regular57a3.woff]
[rsms.me/inter/font-files/Inter-Italic57a3.woff2]
[rsms.me/inter/font-files/Inter-Italic57a3.woff]
[rsms.me/inter/font-files/Inter-Medium57a3.woff2]
[rsms.me/inter/font-files/Inter-Medium57a3.woff]
[rsms.me/inter/font-files/Inter-MediumItalic57a3.woff2]
[rsms.me/inter/font-files/Inter-MediumItalic57a3.woff]
[rsms.me/inter/font-files/Inter-SemiBold57a3.woff2]
[rsms.me/inter/font-files/Inter-SemiBold57a3.woff]
[rsms.me/inter/font-files/Inter-SemiBoldItalic57a3.woff2]
[rsms.me/inter/font-files/Inter-SemiBoldItalic57a3.woff]
[rsms.me/inter/font-files/Inter-Bold57a3.woff2]
[rsms.me/inter/font-files/Inter-Bold57a3.woff]
[rsms.me/inter/font-files/Inter-BoldItalic57a3.woff2]
[rsms.me/inter/font-files/Inter-BoldItalic57a3.woff]
[rsms.me/inter/font-files/Inter-ExtraBold57a3.woff2]
[rsms.me/inter/font-files/Inter-ExtraBold57a3.woff]
[rsms.me/inter/font-files/Inter-ExtraBoldItalic57a3.woff2]
[rsms.me/inter/font-files/Inter-ExtraBoldItalic57a3.woff]
[rsms.me/inter/font-files/Inter-Black57a3.woff2]
[rsms.me/inter/font-files/Inter-Black57a3.woff]
[rsms.me/inter/font-files/Inter-BlackItalic57a3.woff2]
[rsms.me/inter/font-files/Inter-BlackItalic57a3.woff]
[rsms.me/inter/font-files/Inter-italic.extra.var57a3.woff2]
[rsms.me/inter/font-files/Inter-italic.alternates.var57a3.woff2]
[rsms.me/inter/font-files/Inter-italic.symbols.var57a3.woff2]
[rsms.me/inter/font-files/Inter-italic.cyrillic.var57a3.woff2]
[rsms.me/inter/font-files/Inter-italic.greek.var57a3.woff2]
[rsms.me/inter/font-files/Inter-italic.vietnamese.var57a3.woff2]
[rsms.me/inter/font-files/Inter-italic.latin-ext.var57a3.woff2]
[rsms.me/inter/font-files/Inter-italic.latin.var57a3.woff2]
[rsms.me/inter/font-files/Inter-roman.extra.var57a3.woff2]
[rsms.me/inter/font-files/Inter-roman.alternates.var57a3.woff2]
[rsms.me/inter/font-files/Inter-roman.symbols.var57a3.woff2]
[rsms.me/inter/font-files/Inter-roman.cyrillic.var57a3.woff2]
[rsms.me/inter/font-files/Inter-roman.greek.var57a3.woff2]
[rsms.me/inter/font-files/Inter-roman.vietnamese.var57a3.woff2]
[rsms.me/inter/font-files/Inter-roman.latin-ext.var57a3.woff2]
[rsms.me/inter/font-files/Inter-roman.latin.var57a3.woff2]
[rsms.me/inter/font-files/Inter.extra.var57a3.woff2]
[rsms.me/inter/font-files/Inter.alternates.var57a3.woff2]
[rsms.me/inter/font-files/Inter.symbols.var57a3.woff2]
[rsms.me/inter/font-files/Inter.cyrillic.var57a3.woff2]
[rsms.me/inter/font-files/Inter.greek.var57a3.woff2]
[rsms.me/inter/font-files/Inter.vietnamese.var57a3.woff2]
[rsms.me/inter/font-files/Inter.latin-ext.var57a3.woff2]
[rsms.me/inter/font-files/Inter.latin.var57a3.woff2]
[rsms.me/inter/font-files/Inter-roman.var57a3.woff2]
[rsms.me/inter/font-files/Inter-italic.var57a3.woff2]
[rsms.me/inter/inter.css]
[bootstrap-ecommerce.com/bootstrap-ecommerce-html/fonts/fontawesome/webfonts/fa-brands-400.html]
[bootstrap-ecommerce.com/bootstrap-ecommerce-html/fonts/fontawesome/webfonts/fa-brands-400.svg]
[bootstrap-ecommerce.com/bootstrap-ecommerce-html/fonts/fontawesome/webfonts/fa-regular-400.html]
[bootstrap-ecommerce.com/bootstrap-ecommerce-html/fonts/fontawesome/webfonts/fa-regular-400.svg]
[bootstrap-ecommerce.com/bootstrap-ecommerce-html/fonts/fontawesome/webfonts/fa-solid-900.html]
[bootstrap-ecommerce.com/bootstrap-ecommerce-html/fonts/fontawesome/webfonts/fa-solid-900.svg]
[bootstrap-ecommerce.com/bootstrap-ecommerce-html/css/responsive3661.css]
[bootstrap-ecommerce.com/assets/css/style3661.css]
[bootstrap-ecommerce.com/bootstrap-ecommerce-html/images/icons/stars-active.svg]
[bootstrap-ecommerce.com/bootstrap-ecommerce-html/images/icons/starts-disable.svg]
[bootstrap-ecommerce.com/assets/css/stylec619.css]
[bootstrap-ecommerce.com/templates/ecommerce-mobile-html/js/jquery-2.0.0.minc619.js]
[bootstrap-ecommerce.com/templates/ecommerce-mobile-html/js/bootstrap.bundle.minc619.js]
[bootstrap-ecommerce.com/templates/ecommerce-mobile-html/js/scriptc619.js]
[bootstrap-ecommerce.com/templates/ecommerce-mobile-html/css/bootstrapc619.css]
[bootstrap-ecommerce.com/templates/ecommerce-mobile-html/images/logo.png]
[bootstrap-ecommerce.com/templates/ecommerce-mobile-html/images/qr.png]
[bootstrap-ecommerce.com/templates/ecommerce-mobile-html/index-presentation.html]
[bootstrap-ecommerce.com/templates/alistyle-html/images/favicon.ico]
[bootstrap-ecommerce.com/templates/alistyle-html/js/jquery-2.0.0.min.js]
[bootstrap-ecommerce.com/templates/alistyle-html/js/bootstrap.bundle.min.js]
[bootstrap-ecommerce.com/templates/alistyle-html/css/bootstrap3661.css]
[bootstrap-ecommerce.com/templates/alistyle-html/fonts/fontawesome/css/all.min3661.css]
[bootstrap-ecommerce.com/templates/alistyle-html/css/ui3661.css]
[bootstrap-ecommerce.com/templates/alistyle-html/css/responsive3661.css]
[bootstrap-ecommerce.com/templates/alistyle-html/js/script3661.js]
[bootstrap-ecommerce.com/templates/alistyle-html/images/logo3661.png]
[bootstrap-ecommerce.com/templates/alistyle-html/images/banners/slide1.jpg]
[bootstrap-ecommerce.com/templates/alistyle-html/images/banners/slide2.jpg]
[bootstrap-ecommerce.com/templates/alistyle-html/images/banners/slide3.jpg]
[bootstrap-ecommerce.com/templates/alistyle-html/images/items/1.jpg]
[bootstrap-ecommerce.com/templates/alistyle-html/images/items/2.jpg]
[bootstrap-ecommerce.com/templates/alistyle-html/images/items/6.jpg]
[bootstrap-ecommerce.com/templates/alistyle-html/images/items/3.jpg]
[bootstrap-ecommerce.com/templates/alistyle-html/images/items/4.jpg]
[bootstrap-ecommerce.com/templates/alistyle-html/images/items/5.jpg]
[bootstrap-ecommerce.com/templates/alistyle-html/images/items/7.jpg]
[bootstrap-ecommerce.com/templates/alistyle-html/images/items/14.jpg]
[bootstrap-ecommerce.com/templates/alistyle-html/images/items/8.jpg]
[bootstrap-ecommerce.com/templates/alistyle-html/images/items/9.jpg]
[bootstrap-ecommerce.com/templates/alistyle-html/images/items/10.jpg]
[bootstrap-ecommerce.com/templates/alistyle-html/images/items/11.jpg]
[bootstrap-ecommerce.com/templates/alistyle-html/images/items/12.jpg]
[bootstrap-ecommerce.com/templates/alistyle-html/images/banners/banner9.jpg]
[bootstrap-ecommerce.com/templates/alistyle-html/images/posts/1.jpg]
[bootstrap-ecommerce.com/templates/alistyle-html/images/posts/2.jpg]
[bootstrap-ecommerce.com/templates/alistyle-html/images/posts/3.jpg]
[bootstrap-ecommerce.com/templates/alistyle-html/images/posts/4.jpg]
[bootstrap-ecommerce.com/templates/alistyle-html/images/icons/flags/CN.png]
[bootstrap-ecommerce.com/templates/alistyle-html/images/icons/flags/DE.png]
[bootstrap-ecommerce.com/templates/alistyle-html/images/icons/flags/AU.png]
[bootstrap-ecommerce.com/templates/alistyle-html/images/icons/flags/RU.png]
[bootstrap-ecommerce.com/templates/alistyle-html/images/icons/flags/IN.png]
[bootstrap-ecommerce.com/templates/alistyle-html/images/icons/flags/GB.png]
[bootstrap-ecommerce.com/templates/alistyle-html/images/icons/flags/TR.png]
[bootstrap-ecommerce.com/templates/alistyle-html/images/icons/flags/UZ.png]
[bootstrap-ecommerce.com/templates/alistyle-html/images/banners/ad-sm.png]
[bootstrap-ecommerce.com/templates/alistyle-html/page-index.html]
[bootstrap-ecommerce.com/bootstrap-ecommerce-html/fonts/feathericons/fonts/feathere8ab.eot]
[bootstrap-ecommerce.com/bootstrap-ecommerce-html/fonts/feathericons/fonts/feathere8ab.woff]
[bootstrap-ecommerce.com/bootstrap-ecommerce-html/fonts/feathericons/fonts/feathere8ab.ttf]
[bootstrap-ecommerce.com/bootstrap-ecommerce-html/fonts/feathericons/css/iconfont3661.css]
[bootstrap-ecommerce.com/assets/plugins/prism/prism.css]
[bootstrap-ecommerce.com/bootstrap-ecommerce-html/plugins/owlcarousel/assets/owl.video.play.png]
[bootstrap-ecommerce.com/bootstrap-ecommerce-html/plugins/owlcarousel/assets/owl.carousel.css]
[bootstrap-ecommerce.com/bootstrap-ecommerce-html/plugins/owlcarousel/assets/owl.theme.default.css]
[bootstrap-ecommerce.com/bootstrap-ecommerce-html/css/bootstrap.css]
[bootstrap-ecommerce.com/bootstrap-ecommerce-html/fonts/fontawesome/css/all.min.css]
[bootstrap-ecommerce.com/bootstrap-ecommerce-html/css/ui.css]
[bootstrap-ecommerce.com/bootstrap-ecommerce-html/css/responsive.css]
[bootstrap-ecommerce.com/bootstrap-ecommerce-html/plugins/fancybox/fancybox.min.css]
[bootstrap-ecommerce.com/templates/ecommerce-mobile-html/css/bootstrapc619.css]
[bootstrap-ecommerce.com/templates/ecommerce-mobile-html/images/favicon.ico]
[bootstrap-ecommerce.com/templates/ecommerce-mobile-html/js/jquery-2.0.0.min.js]
[bootstrap-ecommerce.com/templates/ecommerce-mobile-html/js/bootstrap.bundle.min.js]
[bootstrap-ecommerce.com/templates/ecommerce-mobile-html/css/bootstrap.css]
[bootstrap-ecommerce.com/templates/ecommerce-mobile-html/fonts/fontawesome/css/all.min.css]
[bootstrap-ecommerce.com/templates/ecommerce-mobile-html/css/mobile.css]
[bootstrap-ecommerce.com/templates/ecommerce-mobile-html/js/script.js]
[bootstrap-ecommerce.com/templates/ecommerce-mobile-html/images/posts/app.jpg]
[bootstrap-ecommerce.com/templates/ecommerce-mobile-html/index.html]
[bootstrap-ecommerce.com/templates/ecommerce-mobile-html/images/banners/slide1.jpg]
[bootstrap-ecommerce.com/templates/ecommerce-mobile-html/images/banners/slide2.jpg]
[bootstrap-ecommerce.com/templates/ecommerce-mobile-html/images/banners/slide3.jpg]
[bootstrap-ecommerce.com/templates/ecommerce-mobile-html/images/items/item.jpg]
[bootstrap-ecommerce.com/templates/ecommerce-mobile-html/page-index-1.html]
[bootstrap-ecommerce.com/templates/ecommerce-mobile-html/images/avatars/1.jpg]
[bootstrap-ecommerce.com/templates/ecommerce-mobile-html/page-index-2.html]
[bootstrap-ecommerce.com/templates/ecommerce-mobile-html/images/avatars/2.jpg]
[bootstrap-ecommerce.com/templates/ecommerce-mobile-html/images/avatars/3.jpg]
[bootstrap-ecommerce.com/templates/ecommerce-mobile-html/images/avatars/4.jpg]
[bootstrap-ecommerce.com/templates/ecommerce-mobile-html/page-category-1.html]
[bootstrap-ecommerce.com/templates/ecommerce-mobile-html/page-category-2.html]
[bootstrap-ecommerce.com/templates/ecommerce-mobile-html/page-listing-1.html]
[bootstrap-ecommerce.com/templates/ecommerce-mobile-html/page-listing-2.html]
[bootstrap-ecommerce.com/templates/ecommerce-mobile-html/page-listing-3.html]
[bootstrap-ecommerce.com/templates/ecommerce-mobile-html/page-listing-4.html]
[bootstrap-ecommerce.com/templates/ecommerce-mobile-html/plugins/fancybox/fancybox.min.js]
[bootstrap-ecommerce.com/templates/ecommerce-mobile-html/plugins/fancybox/fancybox.min.css]
[bootstrap-ecommerce.com/templates/ecommerce-mobile-html/images/items/item-detail.jpg]
[bootstrap-ecommerce.com/templates/ecommerce-mobile-html/page-detail-1.html]
[bootstrap-ecommerce.com/templates/ecommerce-mobile-html/page-detail-2.html]
[bootstrap-ecommerce.com/templates/ecommerce-mobile-html/images/items/book.jpg]
[bootstrap-ecommerce.com/templates/ecommerce-mobile-html/page-detail-3.html]
[bootstrap-ecommerce.com/templates/ecommerce-mobile-html/page-detail-4.html]
[bootstrap-ecommerce.com/templates/ecommerce-mobile-html/page-cart-1.html]
[bootstrap-ecommerce.com/templates/ecommerce-mobile-html/page-cart-2.html]
[bootstrap-ecommerce.com/templates/ecommerce-mobile-html/page-order-step1.html]
[bootstrap-ecommerce.com/templates/ecommerce-mobile-html/page-order-step2.html]
[bootstrap-ecommerce.com/templates/ecommerce-mobile-html/page-order-step3.html]
[bootstrap-ecommerce.com/templates/ecommerce-mobile-html/page-order-success.html]
[bootstrap-ecommerce.com/templates/ecommerce-mobile-html/page-profile.html]
[bootstrap-ecommerce.com/templates/ecommerce-mobile-html/page-profile-edit.html]
[bootstrap-ecommerce.com/templates/ecommerce-mobile-html/page-settings.html]
[bootstrap-ecommerce.com/templates/ecommerce-mobile-html/page-user-login.html]
[bootstrap-ecommerce.com/templates/ecommerce-mobile-html/page-user-otp.html]
[bootstrap-ecommerce.com/templates/ecommerce-mobile-html/page-search.html]
[bootstrap-ecommerce.com/templates/ecommerce-mobile-html/images/banners/banner1.jpg]
[bootstrap-ecommerce.com/templates/ecommerce-mobile-html/images/banners/banner2.jpg]
[bootstrap-ecommerce.com/templates/ecommerce-mobile-html/images/banners/banner3.jpg]
[bootstrap-ecommerce.com/templates/ecommerce-mobile-html/images/banners/item1.jpg]
[bootstrap-ecommerce.com/templates/ecommerce-mobile-html/images/banners/item2.jpg]
[bootstrap-ecommerce.com/templates/ecommerce-mobile-html/images/banners/item3.jpg]
[bootstrap-ecommerce.com/templates/ecommerce-mobile-html/_html-components/_banners.html]
[bootstrap-ecommerce.com/templates/ecommerce-mobile-html/images/posts/1.jpg]
[bootstrap-ecommerce.com/templates/ecommerce-mobile-html/images/posts/2.jpg]
[bootstrap-ecommerce.com/templates/ecommerce-mobile-html/images/posts/3.jpg]
[bootstrap-ecommerce.com/templates/ecommerce-mobile-html/images/posts/4.jpg]
[bootstrap-ecommerce.com/templates/ecommerce-mobile-html/_html-components/_category.html]
[bootstrap-ecommerce.com/templates/ecommerce-mobile-html/_html-components/_menu-list.html]
[bootstrap-ecommerce.com/templates/ecommerce-mobile-html/_html-components/_modals.html]
[bootstrap-ecommerce.com/templates/ecommerce-mobile-html/_html-components/_nav-bottom.html]
[bootstrap-ecommerce.com/templates/alistyle-html/css/bootstrap3661.css]
[bootstrap-ecommerce.com/templates/alistyle-html/fonts/fontawesome/webfonts/fa-brands-400.eot]
[bootstrap-ecommerce.com/templates/alistyle-html/fonts/fontawesome/webfonts/fa-brands-400.woff]
[bootstrap-ecommerce.com/templates/alistyle-html/fonts/fontawesome/webfonts/fa-brands-400d41d.eot]
[bootstrap-ecommerce.com/templates/alistyle-html/fonts/fontawesome/webfonts/fa-brands-400.ttf]
[bootstrap-ecommerce.com/templates/alistyle-html/fonts/fontawesome/webfonts/fa-regular-400.eot]
[bootstrap-ecommerce.com/templates/alistyle-html/fonts/fontawesome/webfonts/fa-regular-400d41d.eot]
[bootstrap-ecommerce.com/templates/alistyle-html/fonts/fontawesome/webfonts/fa-regular-400.woff]
[bootstrap-ecommerce.com/templates/alistyle-html/fonts/fontawesome/webfonts/fa-regular-400.ttf]
[bootstrap-ecommerce.com/templates/alistyle-html/fonts/fontawesome/webfonts/fa-solid-900d41d.eot]
[bootstrap-ecommerce.com/templates/alistyle-html/fonts/fontawesome/webfonts/fa-solid-900.woff]
[bootstrap-ecommerce.com/templates/alistyle-html/fonts/fontawesome/webfonts/fa-solid-900.eot]
[bootstrap-ecommerce.com/templates/alistyle-html/fonts/fontawesome/webfonts/fa-solid-900.ttf]
[bootstrap-ecommerce.com/templates/alistyle-html/fonts/fontawesome/css/all.min3661.css]
[bootstrap-ecommerce.com/templates/alistyle-html/css/ui3661.css]
[bootstrap-ecommerce.com/templates/alistyle-html/css/responsive3661.css]
[bootstrap-ecommerce.com/templates/alistyle-html/page-index-1.html]
[bootstrap-ecommerce.com/templates/alistyle-html/images/icons/flags/US.png]
[bootstrap-ecommerce.com/templates/alistyle-html/images/banners/slide-lg-3.jpg]
[bootstrap-ecommerce.com/templates/alistyle-html/images/banners/slide-lg-2.jpg]
[bootstrap-ecommerce.com/templates/alistyle-html/images/banners/banner4.jpg]
[bootstrap-ecommerce.com/templates/alistyle-html/images/banners/banner5.jpg]
[bootstrap-ecommerce.com/templates/alistyle-html/page-index-2.html]
[bootstrap-ecommerce.com/templates/alistyle-html/css/bootstrap.css]
[bootstrap-ecommerce.com/templates/alistyle-html/fonts/fontawesome/css/all.min.css]
[bootstrap-ecommerce.com/templates/alistyle-html/css/ui.css]
[bootstrap-ecommerce.com/templates/alistyle-html/css/responsive.css]
[bootstrap-ecommerce.com/templates/alistyle-html/js/script.js]
[bootstrap-ecommerce.com/templates/alistyle-html/images/logo.png]
[bootstrap-ecommerce.com/templates/alistyle-html/page-category.html]
[bootstrap-ecommerce.com/templates/alistyle-html/page-listing-large.html]
[bootstrap-ecommerce.com/templates/alistyle-html/images/items/15.jpg]
[bootstrap-ecommerce.com/templates/alistyle-html/page-listing-grid.html]
[bootstrap-ecommerce.com/templates/alistyle-html/page-shopping-cart.html]
[bootstrap-ecommerce.com/templates/alistyle-html/page-detail-product.html]
[bootstrap-ecommerce.com/templates/alistyle-html/page-content.html]
[bootstrap-ecommerce.com/templates/alistyle-html/page-user-login.html]
[bootstrap-ecommerce.com/templates/alistyle-html/page-user-register.html]
[bootstrap-ecommerce.com/templates/alistyle-html/page-profile-main.html]
[bootstrap-ecommerce.com/templates/alistyle-html/page-profile-orders.html]
[bootstrap-ecommerce.com/templates/alistyle-html/page-profile-seller.html]
[bootstrap-ecommerce.com/templates/alistyle-html/page-profile-wishlist.html]
[bootstrap-ecommerce.com/templates/alistyle-html/images/avatars/avatar1.jpg]
[bootstrap-ecommerce.com/templates/alistyle-html/page-profile-setting.html]
[bootstrap-ecommerce.com/templates/alistyle-html/page-profile-address.html]
[bootstrap-ecommerce.com/templates/alistyle-html/css/bootstrap-rtl.css]
[bootstrap-ecommerce.com/templates/alistyle-html/rtl-page-index-1.html]
[bootstrap-ecommerce.com/templates/alistyle-html/page-components.html]
[bootstrap-ecommerce.com/bootstrap-ecommerce-html/fonts/feathericons/fonts/feathere8ab.svg]
[bootstrap-ecommerce.com/templates/ecommerce-mobile-html/css/bootstrap.css]
[bootstrap-ecommerce.com/templates/ecommerce-mobile-html/fonts/fontawesome/webfonts/fa-brands-400.eot]
[bootstrap-ecommerce.com/templates/ecommerce-mobile-html/fonts/fontawesome/webfonts/fa-brands-400d41d.eot]
[bootstrap-ecommerce.com/templates/ecommerce-mobile-html/fonts/fontawesome/webfonts/fa-brands-400.woff]
[bootstrap-ecommerce.com/templates/ecommerce-mobile-html/fonts/fontawesome/webfonts/fa-brands-400.ttf]
[bootstrap-ecommerce.com/templates/ecommerce-mobile-html/fonts/fontawesome/webfonts/fa-regular-400.eot]
[bootstrap-ecommerce.com/templates/ecommerce-mobile-html/fonts/fontawesome/webfonts/fa-regular-400d41d.eot]
[bootstrap-ecommerce.com/templates/ecommerce-mobile-html/fonts/fontawesome/webfonts/fa-regular-400.woff]
[bootstrap-ecommerce.com/templates/ecommerce-mobile-html/fonts/fontawesome/webfonts/fa-regular-400.ttf]
[bootstrap-ecommerce.com/templates/ecommerce-mobile-html/fonts/fontawesome/webfonts/fa-solid-900.eot]
[bootstrap-ecommerce.com/templates/ecommerce-mobile-html/fonts/fontawesome/webfonts/fa-solid-900d41d.eot]
[bootstrap-ecommerce.com/templates/ecommerce-mobile-html/fonts/fontawesome/webfonts/fa-solid-900.woff]
[bootstrap-ecommerce.com/templates/ecommerce-mobile-html/fonts/fontawesome/webfonts/fa-solid-900.ttf]
[bootstrap-ecommerce.com/templates/ecommerce-mobile-html/fonts/fontawesome/css/all.min.css]
[bootstrap-ecommerce.com/templates/ecommerce-mobile-html/fonts/roboto/font.css]
[bootstrap-ecommerce.com/templates/ecommerce-mobile-html/css/mobile.css]
[bootstrap-ecommerce.com/templates/ecommerce-mobile-html/page-blank.html]
[bootstrap-ecommerce.com/templates/ecommerce-mobile-html/images/icons/category-white/cpu.svg]
[bootstrap-ecommerce.com/templates/ecommerce-mobile-html/images/icons/category-white/homeitem.svg]
[bootstrap-ecommerce.com/templates/ecommerce-mobile-html/images/icons/category-white/book.svg]
[bootstrap-ecommerce.com/templates/ecommerce-mobile-html/images/icons/category-white/ball.svg]
[bootstrap-ecommerce.com/templates/ecommerce-mobile-html/images/icons/category-blue/cpu.svg]
[bootstrap-ecommerce.com/templates/ecommerce-mobile-html/images/icons/category-blue/car.svg]
[bootstrap-ecommerce.com/templates/ecommerce-mobile-html/images/icons/category-blue/ball.svg]
[bootstrap-ecommerce.com/templates/ecommerce-mobile-html/images/icons/category-blue/homeitem.svg]
[bootstrap-ecommerce.com/templates/ecommerce-mobile-html/images/icons/category-blue/book.svg]
[bootstrap-ecommerce.com/templates/ecommerce-mobile-html/images/icons/category-blue/shoe-lady.svg]
[bootstrap-ecommerce.com/templates/ecommerce-mobile-html/images/icons/category-blue/shirt.svg]
[bootstrap-ecommerce.com/templates/ecommerce-mobile-html/plugins/fancybox/fancybox.min.css]
[bootstrap-ecommerce.com/templates/alistyle-html/fonts/fontawesome/webfonts/fa-brands-400.html]
[bootstrap-ecommerce.com/templates/alistyle-html/fonts/fontawesome/webfonts/fa-brands-400.svg]
[bootstrap-ecommerce.com/templates/alistyle-html/fonts/fontawesome/webfonts/fa-regular-400.html]
[bootstrap-ecommerce.com/templates/alistyle-html/fonts/fontawesome/webfonts/fa-regular-400.svg]
[bootstrap-ecommerce.com/templates/alistyle-html/fonts/fontawesome/webfonts/fa-solid-900.html]
[bootstrap-ecommerce.com/templates/alistyle-html/fonts/fontawesome/webfonts/fa-solid-900.svg]
[bootstrap-ecommerce.com/templates/alistyle-html/images/logo3661.svg]
[bootstrap-ecommerce.com/templates/alistyle-html/images/icons/stars-active.svg]
[bootstrap-ecommerce.com/templates/alistyle-html/images/icons/starts-disable.svg]
[bootstrap-ecommerce.com/templates/alistyle-html/css/bootstrap.css]
[bootstrap-ecommerce.com/templates/alistyle-html/fonts/fontawesome/css/all.min.css]
[bootstrap-ecommerce.com/templates/alistyle-html/css/ui.css]
[bootstrap-ecommerce.com/templates/alistyle-html/css/responsive.css]
[bootstrap-ecommerce.com/templates/alistyle-html/images/items/15-2.jpg]
[bootstrap-ecommerce.com/templates/alistyle-html/images/items/15-1.jpg]
[bootstrap-ecommerce.com/templates/alistyle-html/images/avatars/avatar3.jpg]
[bootstrap-ecommerce.com/templates/alistyle-html/css/bootstrap-rtl.css]
[bootstrap-ecommerce.com/templates/alistyle-html/_HTML-Components/index.html]
[bootstrap-ecommerce.com/templates/ecommerce-mobile-html/fonts/fontawesome/webfonts/fa-brands-400.html]
[bootstrap-ecommerce.com/templates/ecommerce-mobile-html/fonts/fontawesome/webfonts/fa-brands-400.svg]
[bootstrap-ecommerce.com/templates/ecommerce-mobile-html/fonts/fontawesome/webfonts/fa-regular-400.html]
[bootstrap-ecommerce.com/templates/ecommerce-mobile-html/fonts/fontawesome/webfonts/fa-regular-400.svg]
[bootstrap-ecommerce.com/templates/ecommerce-mobile-html/fonts/fontawesome/webfonts/fa-solid-900.html]
[bootstrap-ecommerce.com/templates/ecommerce-mobile-html/fonts/fontawesome/webfonts/fa-solid-900.svg]
[bootstrap-ecommerce.com/templates/alistyle-html/images/misc/payments.png]
[bootstrap-ecommerce.com/templates/ecommerce-mobile-html/fonts/roboto/Roboto-Thin.ttf]
[bootstrap-ecommerce.com/templates/ecommerce-mobile-html/fonts/roboto/Roboto-Light.ttf]
[bootstrap-ecommerce.com/templates/ecommerce-mobile-html/fonts/roboto/Roboto-Regular.ttf]
[bootstrap-ecommerce.com/templates/ecommerce-mobile-html/fonts/roboto/Roboto-Medium.ttf]
[bootstrap-ecommerce.com/templates/ecommerce-mobile-html/fonts/roboto/Roboto-Bold.ttf]
[bootstrap-ecommerce.com/templates/ecommerce-mobile-html/fonts/roboto/font.css]
